<?xml version="1.0" encoding="UTF-8"?>
<testsuite xmlns:xsi="http://www.w3.org/2001/XMLSchema-instance" xsi:noNamespaceSchemaLocation="https://maven.apache.org/surefire/maven-surefire-plugin/xsd/surefire-test-report.xsd" version="3.0.2" name="com.example.employee_salary.EmployeeSalaryApplicationTests" time="8.88" tests="1" errors="0" skipped="0" failures="0">
  <properties>
[...]
</properties>
  <testcase name="contextLoads" classname="com.example.employee_salary.EmployeeSalaryApplicationTests" time="1.469">
    <system-out><![CDATA[18:43:24.934 [main] INFO org.springframework.test.context.support.AnnotationConfigContextLoaderUtils -- Could not detect default configuration classes for test class [com.example.employee_salary.EmployeeSalaryApplicationTests]: EmployeeSalaryApplicationTests does not declare any static, non-private, non-final, nested classes annotated with @Configuration.
18:43:25.041 [main] INFO org.springframework.boot.test.context.SpringBootTestContextBootstrapper -- Found @SpringBootConfiguration com.example.employee_salary.EmployeeSalaryApplication for test class com.example.employee_salary.EmployeeSalaryApplicationTests
18:43:25.240 [main] INFO org.springframework.boot.devtools.restart.RestartApplicationListener -- Restart disabled due to context in which it is running

  .   ____          _            __ _ _
 /\\ / ___'_ __ _ _(_)_ __  __ _ \ \ \ \
( ( )\___ | '_ | '_| | '_ \/ _` | \ \ \ \
 \\/  ___)| |_)| | | | | || (_| |  ) ) ) )
  '  |____| .__|_| |_|_| |_\__, | / / / /
 =========|_|==============|___/=/_/_/_/

 :: Spring Boot ::                (v3.4.3)

2025-02-23T18:43:25.507+01:00  INFO 10352 --- [employee-salary] [           main] c.e.e.EmployeeSalaryApplicationTests     : Starting EmployeeSalaryApplicationTests using Java 17.0.14 with PID 10352 (started by dreyd in C:\Users\dreyd\OneDrive\Documents\Employee-salary)
2025-02-23T18:43:25.509+01:00  INFO 10352 --- [employee-salary] [           main] c.e.e.EmployeeSalaryApplicationTests     : No active profile set, falling back to 1 default profile: "default"
2025-02-23T18:43:26.771+01:00  INFO 10352 --- [employee-salary] [           main] .s.d.r.c.RepositoryConfigurationDelegate : Multiple Spring Data modules found, entering strict repository configuration mode
2025-02-23T18:43:26.775+01:00  INFO 10352 --- [employee-salary] [           main] .s.d.r.c.RepositoryConfigurationDelegate : Bootstrapping Spring Data JPA repositories in DEFAULT mode.
2025-02-23T18:43:26.866+01:00  INFO 10352 --- [employee-salary] [           main] .RepositoryConfigurationExtensionSupport : Spring Data JPA - Could not safely identify store assignment for repository candidate interface com.example.employee_salary.repository.EmployeeRepository; If you want this repository to be a JPA repository, consider annotating your entities with one of these annotations: jakarta.persistence.Entity, jakarta.persistence.MappedSuperclass (preferred), or consider extending one of the following types with your repository: org.springframework.data.jpa.repository.JpaRepository
2025-02-23T18:43:26.867+01:00  INFO 10352 --- [employee-salary] [           main] .s.d.r.c.RepositoryConfigurationDelegate : Finished Spring Data repository scanning in 60 ms. Found 0 JPA repository interfaces.
2025-02-23T18:43:26.927+01:00  INFO 10352 --- [employee-salary] [           main] .s.d.r.c.RepositoryConfigurationDelegate : Multiple Spring Data modules found, entering strict repository configuration mode
2025-02-23T18:43:26.928+01:00  INFO 10352 --- [employee-salary] [           main] .s.d.r.c.RepositoryConfigurationDelegate : Bootstrapping Spring Data MongoDB repositories in DEFAULT mode.
2025-02-23T18:43:26.976+01:00  INFO 10352 --- [employee-salary] [           main] .s.d.r.c.RepositoryConfigurationDelegate : Finished Spring Data repository scanning in 43 ms. Found 1 MongoDB repository interface.
2025-02-23T18:43:27.683+01:00  INFO 10352 --- [employee-salary] [           main] com.zaxxer.hikari.HikariDataSource       : HikariPool-1 - Starting...
2025-02-23T18:43:27.980+01:00  INFO 10352 --- [employee-salary] [           main] com.zaxxer.hikari.pool.HikariPool        : HikariPool-1 - Added connection conn0: url=jdbc:h2:mem:793c9b72-001a-49df-bca1-d71c74847652 user=SA
2025-02-23T18:43:27.984+01:00  INFO 10352 --- [employee-salary] [           main] com.zaxxer.hikari.HikariDataSource       : HikariPool-1 - Start completed.
2025-02-23T18:43:28.097+01:00  INFO 10352 --- [employee-salary] [           main] o.hibernate.jpa.internal.util.LogHelper  : HHH000204: Processing PersistenceUnitInfo [name: default]
2025-02-23T18:43:28.181+01:00  INFO 10352 --- [employee-salary] [           main] org.hibernate.Version                    : HHH000412: Hibernate ORM core version 6.6.8.Final
2025-02-23T18:43:28.281+01:00  INFO 10352 --- [employee-salary] [           main] o.h.c.internal.RegionFactoryInitiator    : HHH000026: Second-level cache disabled
2025-02-23T18:43:28.801+01:00  INFO 10352 --- [employee-salary] [           main] o.s.o.j.p.SpringPersistenceUnitInfo      : No LoadTimeWeaver setup: ignoring JPA class transformer
2025-02-23T18:43:28.946+01:00  INFO 10352 --- [employee-salary] [           main] org.hibernate.orm.connections.pooling    : HHH10001005: Database info:
	Database JDBC URL [Connecting through datasource 'HikariDataSource (HikariPool-1)']
	Database driver: undefined/unknown
	Database version: 2.3.232
	Autocommit mode: undefined/unknown
	Isolation level: undefined/unknown
	Minimum pool size: undefined/unknown
	Maximum pool size: undefined/unknown
2025-02-23T18:43:29.600+01:00  INFO 10352 --- [employee-salary] [           main] o.h.e.t.j.p.i.JtaPlatformInitiator       : HHH000489: No JTA platform available (set 'hibernate.transaction.jta.platform' to enable JTA platform integration)
2025-02-23T18:43:29.609+01:00  INFO 10352 --- [employee-salary] [           main] j.LocalContainerEntityManagerFactoryBean : Initialized JPA EntityManagerFactory for persistence unit 'default'
2025-02-23T18:43:30.950+01:00  INFO 10352 --- [employee-salary] [           main] org.mongodb.driver.client                : MongoClient with metadata {"application": {"name": "EmployeeSalary"}, "driver": {"name": "mongo-java-driver|sync|spring-boot", "version": "5.2.1"}, "os": {"type": "Windows", "name": "Windows 11", "architecture": "amd64", "version": "10.0"}, "platform": "Java/Eclipse Adoptium/17.0.14+7"} created with settings MongoClientSettings{readPreference=primary, writeConcern=WriteConcern{w=majority, wTimeout=null ms, journal=null}, retryWrites=true, retryReads=true, readConcern=ReadConcern{level=null}, credential=MongoCredential{mechanism=null, userName='big', source='admin', password=<hidden>, mechanismProperties=<hidden>}, transportSettings=null, commandListeners=[], codecRegistry=ProvidersCodecRegistry{codecProviders=[ValueCodecProvider{}, BsonValueCodecProvider{}, DBRefCodecProvider{}, DBObjectCodecProvider{}, DocumentCodecProvider{}, CollectionCodecProvider{}, IterableCodecProvider{}, MapCodecProvider{}, GeoJsonCodecProvider{}, GridFSFileCodecProvider{}, Jsr310CodecProvider{}, JsonObjectCodecProvider{}, BsonCodecProvider{}, EnumCodecProvider{}, com.mongodb.client.model.mql.ExpressionCodecProvider@6968bb65, com.mongodb.Jep395RecordCodecProvider@66682e8f, com.mongodb.KotlinCodecProvider@2d2af12e]}, loggerSettings=LoggerSettings{maxDocumentLength=1000}, clusterSettings={hosts=[127.0.0.1:27017], srvHost=employeesalary.d47ub.mongodb.net, srvServiceName=mongodb, mode=MULTIPLE, requiredClusterType=REPLICA_SET, requiredReplicaSetName='atlas-9qo2rw-shard-0', serverSelector='null', clusterListeners='[]', serverSelectionTimeout='30000 ms', localThreshold='15 ms'}, socketSettings=SocketSettings{connectTimeoutMS=10000, readTimeoutMS=0, receiveBufferSize=0, proxySettings=ProxySettings{host=null, port=null, username=null, password=null}}, heartbeatSocketSettings=SocketSettings{connectTimeoutMS=10000, readTimeoutMS=10000, receiveBufferSize=0, proxySettings=ProxySettings{host=null, port=null, username=null, password=null}}, connectionPoolSettings=ConnectionPoolSettings{maxSize=100, minSize=0, maxWaitTimeMS=120000, maxConnectionLifeTimeMS=0, maxConnectionIdleTimeMS=0, maintenanceInitialDelayMS=0, maintenanceFrequencyMS=60000, connectionPoolListeners=[], maxConnecting=2}, serverSettings=ServerSettings{heartbeatFrequencyMS=10000, minHeartbeatFrequencyMS=500, serverMonitoringMode=AUTO, serverListeners='[]', serverMonitorListeners='[]'}, sslSettings=SslSettings{enabled=true, invalidHostNameAllowed=false, context=null}, applicationName='EmployeeSalary', compressorList=[], uuidRepresentation=JAVA_LEGACY, serverApi=null, autoEncryptionSettings=null, dnsClient=null, inetAddressResolver=null, contextProvider=null, timeoutMS=null}
2025-02-23T18:43:31.507+01:00  WARN 10352 --- [employee-salary] [           main] JpaBaseConfiguration$JpaWebConfiguration : spring.jpa.open-in-view is enabled by default. Therefore, database queries may be performed during view rendering. Explicitly configure spring.jpa.open-in-view to disable this warning
2025-02-23T18:43:31.956+01:00  INFO 10352 --- [employee-salary] [7ub.mongodb.net] org.mongodb.driver.cluster               : Adding discovered server employeesalary-shard-00-02.d47ub.mongodb.net:27017 to client view of cluster
2025-02-23T18:43:32.001+01:00  INFO 10352 --- [employee-salary] [7ub.mongodb.net] org.mongodb.driver.cluster               : Adding discovered server employeesalary-shard-00-00.d47ub.mongodb.net:27017 to client view of cluster
2025-02-23T18:43:32.007+01:00  INFO 10352 --- [employee-salary] [7ub.mongodb.net] org.mongodb.driver.cluster               : Adding discovered server employeesalary-shard-00-01.d47ub.mongodb.net:27017 to client view of cluster
2025-02-23T18:43:32.158+01:00  INFO 10352 --- [employee-salary] [           main] c.e.e.EmployeeSalaryApplicationTests     : Started EmployeeSalaryApplicationTests in 6.938 seconds (process running for 7.814)
2025-02-23T18:43:33.645+01:00  INFO 10352 --- [employee-salary] [ngodb.net:27017] org.mongodb.driver.cluster               : Monitor thread successfully connected to server with description ServerDescription{address=employeesalary-shard-00-00.d47ub.mongodb.net:27017, type=REPLICA_SET_SECONDARY, cryptd=false, state=CONNECTED, ok=true, minWireVersion=0, maxWireVersion=25, maxDocumentSize=16777216, logicalSessionTimeoutMinutes=30, roundTripTimeNanos=711196700, minRoundTripTimeNanos=0, setName='atlas-9qo2rw-shard-0', canonicalAddress=employeesalary-shard-00-00.d47ub.mongodb.net:27017, hosts=[employeesalary-shard-00-02.d47ub.mongodb.net:27017, employeesalary-shard-00-01.d47ub.mongodb.net:27017, employeesalary-shard-00-00.d47ub.mongodb.net:27017], passives=[], arbiters=[], primary='employeesalary-shard-00-01.d47ub.mongodb.net:27017', tagSet=TagSet{[Tag{name='availabilityZone', value='euw3-az1'}, Tag{name='diskState', value='READY'}, Tag{name='nodeType', value='ELECTABLE'}, Tag{name='provider', value='AWS'}, Tag{name='region', value='EU_WEST_3'}, Tag{name='workloadType', value='OPERATIONAL'}]}, electionId=null, setVersion=1, topologyVersion=TopologyVersion{processId=67b5f87e6e042021cc616825, counter=9}, lastWriteDate=Sun Feb 23 18:43:22 WAT 2025, lastUpdateTimeNanos=289051516467100}
]]></system-out>
  </testcase>
</testsuite>